Building DAG of jobs...
Using shell: /bin/bash
Provided cores: 1 (use --cores to define parallelism)
Rules claiming more threads will be scaled down.
Job counts:
	count	jobs
	1	adaptive_boosting_cross_validation
	1	decision_tree_cross_validation
	3	heatmap_cross_validation
	1	heatmap_generate_results
	1	svm_cross_validation
	1	train_test_split
	8

[Sun Jul 26 11:36:01 2020]
rule train_test_split:
    input: input_data/heart_disease_data_formatted.csv
    output: output_data/heart_disease_data_x_train.csv, output_data/heart_disease_data_x_test.csv, output_data/heart_disease_data_y_train.csv, output_data/heart_disease_data_y_test.csv
    jobid: 7

[Sun Jul 26 11:36:04 2020]
Finished job 7.
1 of 8 steps (12%) done

[Sun Jul 26 11:36:04 2020]
rule decision_tree_cross_validation:
    input: output_data/heart_disease_data_x_train.csv, output_data/heart_disease_data_y_train.csv
    output: output_cv/decision_tree_cross_validation.csv
    jobid: 4

[Sun Jul 26 11:36:07 2020]
Finished job 4.
2 of 8 steps (25%) done

[Sun Jul 26 11:36:07 2020]
rule svm_cross_validation:
    input: output_data/heart_disease_data_x_train.csv, output_data/heart_disease_data_y_train.csv
    output: output_cv/svm_cross_validation.csv
    jobid: 5

[Sun Jul 26 11:36:19 2020]
Finished job 5.
3 of 8 steps (38%) done

[Sun Jul 26 11:36:19 2020]
rule adaptive_boosting_cross_validation:
    input: output_data/heart_disease_data_x_train.csv, output_data/heart_disease_data_y_train.csv
    output: output_cv/adaptive_boosting_cross_validation.csv
    jobid: 6

[Sun Jul 26 11:37:50 2020]
Finished job 6.
4 of 8 steps (50%) done

[Sun Jul 26 11:37:50 2020]
rule heatmap_cross_validation:
    input: output_cv/adaptive_boosting_cross_validation.csv
    output: charts/adaptive_boosting_heatmap.png
    jobid: 3
    wildcards: algorithm=adaptive_boosting

RuleException in line 56 of /Users/neha/Horizon/Horizon_Project/Heart_Disease/Snakefile:
NameError: The name 'wildcard' is unknown in this context. Please make sure that you defined that variable. Also note that braces not used for variable access have to be escaped by repeating them, i.e. {{print $1}}
  File "/Users/neha/opt/anaconda3/lib/python3.7/site-packages/snakemake/executors/__init__.py", line 115, in run_jobs
  File "/Users/neha/opt/anaconda3/lib/python3.7/site-packages/snakemake/executors/__init__.py", line 402, in run
  File "/Users/neha/opt/anaconda3/lib/python3.7/site-packages/snakemake/executors/__init__.py", line 203, in _run
  File "/Users/neha/opt/anaconda3/lib/python3.7/site-packages/snakemake/executors/__init__.py", line 131, in _run
  File "/Users/neha/opt/anaconda3/lib/python3.7/site-packages/snakemake/executors/__init__.py", line 137, in printjob
