Building DAG of jobs...
Using shell: /bin/bash
Provided cores: 1 (use --cores to define parallelism)
Rules claiming more threads will be scaled down.
Job counts:
	count	jobs
	2	heatmap_cross_validation
	1	heatmap_generate_results
	3

[Sun Jul 26 11:41:13 2020]
rule heatmap_cross_validation:
    input: output_cv/svm_cross_validation.csv
    output: charts/svm_heatmap.png
    jobid: 2
    wildcards: algorithm=svm

[Sun Jul 26 14:14:13 2020]
Error in rule heatmap_cross_validation:
    jobid: 2
    output: charts/svm_heatmap.png
    shell:
        python heatmap_cross_validation.py --algorithm svm
        (one of the commands exited with non-zero exit code; note that snakemake uses bash strict mode!)

Shutting down, this might take some time.
Exiting because a job execution failed. Look above for error message
Complete log: /Users/neha/Horizon/Horizon_Project/Heart_Disease/.snakemake/log/2020-07-26T114113.540305.snakemake.log
