Building DAG of jobs...
Using shell: /bin/bash
Provided cores: 1 (use --cores to define parallelism)
Rules claiming more threads will be scaled down.
Job counts:
	count	jobs
	3	heatmap_cross_validation
	1	heatmap_generate_results
	4

[Sun Jul 26 11:39:44 2020]
rule heatmap_cross_validation:
    input: output_cv/adaptive_boosting_cross_validation.csv
    output: charts/adaptive_boosting_heatmap.png
    jobid: 3
    wildcards: algorithm=adaptive_boosting

[Sun Jul 26 11:39:47 2020]
Finished job 3.
1 of 4 steps (25%) done

[Sun Jul 26 11:39:47 2020]
rule heatmap_cross_validation:
    input: output_cv/svm_cross_validation.csv
    output: charts/svm_heatmap.png
    jobid: 2
    wildcards: algorithm=svm

[Sun Jul 26 11:39:49 2020]
Error in rule heatmap_cross_validation:
    jobid: 2
    output: charts/svm_heatmap.png
    shell:
        python heatmap_cross_validation.py --algorithm svm
        (one of the commands exited with non-zero exit code; note that snakemake uses bash strict mode!)

Shutting down, this might take some time.
Exiting because a job execution failed. Look above for error message
Complete log: /Users/neha/Horizon/Horizon_Project/Heart_Disease/.snakemake/log/2020-07-26T113944.367417.snakemake.log
