Building DAG of jobs...
Job counts:
	count	jobs
	4	heatmap_cross_validation
	1	heatmap_generate_results
	1	random_forest_cross_validation
	6

[Sat Jul 25 14:44:14 2020]
rule heatmap_cross_validation:
    input: output_cv/adaptive_boosting_cross_validation.csv
    output: charts/adaptive_boosting_heatmap.png
    jobid: 4
    wildcards: algorithm=adaptive_boosting

RuleException in line 56 of /Users/neha/Horizon/Horizon_Project/Heart_Disease/Snakefile:
NameError: The name 'wildcard' is unknown in this context. Please make sure that you defined that variable. Also note that braces not used for variable access have to be escaped by repeating them, i.e. {{print $1}}
  File "/Users/neha/opt/anaconda3/lib/python3.7/site-packages/snakemake/executors/__init__.py", line 115, in run_jobs
  File "/Users/neha/opt/anaconda3/lib/python3.7/site-packages/snakemake/executors/__init__.py", line 120, in run
  File "/Users/neha/opt/anaconda3/lib/python3.7/site-packages/snakemake/executors/__init__.py", line 131, in _run
  File "/Users/neha/opt/anaconda3/lib/python3.7/site-packages/snakemake/executors/__init__.py", line 151, in printjob
  File "/Users/neha/opt/anaconda3/lib/python3.7/site-packages/snakemake/executors/__init__.py", line 137, in printjob
