Building DAG of jobs...
Using shell: /bin/bash
Provided cores: 1 (use --cores to define parallelism)
Rules claiming more threads will be scaled down.
Job counts:
	count	jobs
	1	adaptive_boosting_cross_validation
	1	decision_tree_cross_validation
	4	heatmap_cross_validation
	1	heatmap_generate_results
	1	random_forest_cross_validation
	1	svm_cross_validation
	1	train_test_split
	10

[Sat Jul 25 14:34:06 2020]
rule train_test_split:
    input: input_data/heart_disease_data_formatted.csv
    output: output_data/heart_disease_data_x_train.csv, output_data/heart_disease_data_x_test.csv, output_data/heart_disease_data_y_train.csv, output_data/heart_disease_data_y_test.csv
    jobid: 9

[Sat Jul 25 14:34:08 2020]
Finished job 9.
1 of 10 steps (10%) done

[Sat Jul 25 14:34:08 2020]
rule decision_tree_cross_validation:
    input: output_data/heart_disease_data_x_train.csv, output_data/heart_disease_data_y_train.csv
    output: output_cv/decision_tree_cross_validation.csv
    jobid: 5

[Sat Jul 25 14:34:11 2020]
Finished job 5.
2 of 10 steps (20%) done

[Sat Jul 25 14:34:11 2020]
rule svm_cross_validation:
    input: output_data/heart_disease_data_x_train.csv, output_data/heart_disease_data_y_train.csv
    output: output_cv/svm_cross_validation.csv
    jobid: 7

[Sat Jul 25 14:34:20 2020]
Finished job 7.
3 of 10 steps (30%) done

[Sat Jul 25 14:34:20 2020]
rule random_forest_cross_validation:
    input: output_data/heart_disease_data_x_train.csv, output_data/heart_disease_data_y_train.csv
    output: output_cv/random_forest_cross_validation.csv
    jobid: 6

[Sat Jul 25 14:34:22 2020]
Error in rule random_forest_cross_validation:
    jobid: 6
    output: output_cv/random_forest_cross_validation.csv
    shell:
        python random_forest_cross_validation.py
        (one of the commands exited with non-zero exit code; note that snakemake uses bash strict mode!)

Shutting down, this might take some time.
Exiting because a job execution failed. Look above for error message
Complete log: /Users/neha/Horizon/Horizon_Project/Heart_Disease/.snakemake/log/2020-07-25T143406.683461.snakemake.log
